[0.111s] DEBUG:colcon:Command line arguments: ['/usr/bin/colcon', 'build', '--packages-select', 'my_robot_pkg']
[0.111s] DEBUG:colcon:Parsed command line arguments: Namespace(log_base=None, log_level=None, verb_name='build', build_base='build', install_base='install', merge_install=False, symlink_install=False, test_result_base=None, continue_on_error=False, executor='parallel', parallel_workers=10, event_handlers=None, ignore_user_meta=False, metas=['./colcon.meta'], base_paths=['.'], packages_ignore=None, packages_ignore_regex=None, paths=None, packages_up_to=None, packages_up_to_regex=None, packages_above=None, packages_above_and_dependencies=None, packages_above_depth=None, packages_select_by_dep=None, packages_skip_by_dep=None, packages_skip_up_to=None, packages_select_build_failed=False, packages_skip_build_finished=False, packages_select_test_failures=False, packages_skip_test_passed=False, packages_select=['my_robot_pkg'], packages_skip=None, packages_select_regex=None, packages_skip_regex=None, packages_start=None, packages_end=None, allow_overriding=[], cmake_args=None, cmake_target=None, cmake_target_skip_unavailable=False, cmake_clean_cache=False, cmake_clean_first=False, cmake_force_configure=False, ament_cmake_args=None, catkin_cmake_args=None, catkin_skip_building_tests=False, verb_parser=<colcon_defaults.argument_parser.defaults.DefaultArgumentsDecorator object at 0x795c8c365010>, verb_extension=<colcon_core.verb.build.BuildVerb object at 0x795c8c364ef0>, main=<bound method BuildVerb.main of <colcon_core.verb.build.BuildVerb object at 0x795c8c364ef0>>)
[0.157s] Level 1:colcon.colcon_core.package_discovery:discover_packages(colcon_meta) check parameters
[0.157s] Level 1:colcon.colcon_core.package_discovery:discover_packages(recursive) check parameters
[0.157s] Level 1:colcon.colcon_core.package_discovery:discover_packages(ignore) check parameters
[0.157s] Level 1:colcon.colcon_core.package_discovery:discover_packages(path) check parameters
[0.158s] Level 1:colcon.colcon_core.package_discovery:discover_packages(colcon_meta) discover
[0.158s] Level 1:colcon.colcon_core.package_discovery:discover_packages(recursive) discover
[0.158s] INFO:colcon.colcon_core.package_discovery:Crawling recursively for packages in '/home/yugnsh_lappy/RoboticsClub_PS/ros2_ws'
[0.158s] Level 1:colcon.colcon_core.package_identification:_identify(.) by extensions ['ignore', 'ignore_ament_install']
[0.158s] Level 1:colcon.colcon_core.package_identification:_identify(.) by extension 'ignore'
[0.158s] Level 1:colcon.colcon_core.package_identification:_identify(.) by extension 'ignore_ament_install'
[0.158s] Level 1:colcon.colcon_core.package_identification:_identify(.) by extensions ['colcon_pkg']
[0.158s] Level 1:colcon.colcon_core.package_identification:_identify(.) by extension 'colcon_pkg'
[0.158s] Level 1:colcon.colcon_core.package_identification:_identify(.) by extensions ['colcon_meta']
[0.158s] Level 1:colcon.colcon_core.package_identification:_identify(.) by extension 'colcon_meta'
[0.158s] Level 1:colcon.colcon_core.package_identification:_identify(.) by extensions ['ros']
[0.159s] Level 1:colcon.colcon_core.package_identification:_identify(.) by extension 'ros'
[0.199s] Level 1:colcon.colcon_core.package_identification:_identify(.) by extensions ['cmake', 'python']
[0.199s] Level 1:colcon.colcon_core.package_identification:_identify(.) by extension 'cmake'
[0.199s] Level 1:colcon.colcon_core.package_identification:_identify(.) by extension 'python'
[0.199s] Level 1:colcon.colcon_core.package_identification:_identify(.) by extensions ['python_setup_py']
[0.200s] Level 1:colcon.colcon_core.package_identification:_identify(.) by extension 'python_setup_py'
[0.200s] Level 1:colcon.colcon_core.package_identification:_identify(build) by extensions ['ignore', 'ignore_ament_install']
[0.200s] Level 1:colcon.colcon_core.package_identification:_identify(build) by extension 'ignore'
[0.200s] Level 1:colcon.colcon_core.package_identification:_identify(build) ignored
[0.200s] Level 1:colcon.colcon_core.package_identification:_identify(install) by extensions ['ignore', 'ignore_ament_install']
[0.200s] Level 1:colcon.colcon_core.package_identification:_identify(install) by extension 'ignore'
[0.200s] Level 1:colcon.colcon_core.package_identification:_identify(install) ignored
[0.200s] Level 1:colcon.colcon_core.package_identification:_identify(log) by extensions ['ignore', 'ignore_ament_install']
[0.201s] Level 1:colcon.colcon_core.package_identification:_identify(log) by extension 'ignore'
[0.201s] Level 1:colcon.colcon_core.package_identification:_identify(log) ignored
[0.201s] Level 1:colcon.colcon_core.package_identification:_identify(src) by extensions ['ignore', 'ignore_ament_install']
[0.201s] Level 1:colcon.colcon_core.package_identification:_identify(src) by extension 'ignore'
[0.201s] Level 1:colcon.colcon_core.package_identification:_identify(src) by extension 'ignore_ament_install'
[0.201s] Level 1:colcon.colcon_core.package_identification:_identify(src) by extensions ['colcon_pkg']
[0.201s] Level 1:colcon.colcon_core.package_identification:_identify(src) by extension 'colcon_pkg'
[0.201s] Level 1:colcon.colcon_core.package_identification:_identify(src) by extensions ['colcon_meta']
[0.201s] Level 1:colcon.colcon_core.package_identification:_identify(src) by extension 'colcon_meta'
[0.201s] Level 1:colcon.colcon_core.package_identification:_identify(src) by extensions ['ros']
[0.201s] Level 1:colcon.colcon_core.package_identification:_identify(src) by extension 'ros'
[0.201s] Level 1:colcon.colcon_core.package_identification:_identify(src) by extensions ['cmake', 'python']
[0.201s] Level 1:colcon.colcon_core.package_identification:_identify(src) by extension 'cmake'
[0.201s] Level 1:colcon.colcon_core.package_identification:_identify(src) by extension 'python'
[0.201s] Level 1:colcon.colcon_core.package_identification:_identify(src) by extensions ['python_setup_py']
[0.201s] Level 1:colcon.colcon_core.package_identification:_identify(src) by extension 'python_setup_py'
[0.201s] Level 1:colcon.colcon_core.package_identification:_identify(src/my_robot_pkg) by extensions ['ignore', 'ignore_ament_install']
[0.202s] Level 1:colcon.colcon_core.package_identification:_identify(src/my_robot_pkg) by extension 'ignore'
[0.202s] Level 1:colcon.colcon_core.package_identification:_identify(src/my_robot_pkg) by extension 'ignore_ament_install'
[0.202s] Level 1:colcon.colcon_core.package_identification:_identify(src/my_robot_pkg) by extensions ['colcon_pkg']
[0.202s] Level 1:colcon.colcon_core.package_identification:_identify(src/my_robot_pkg) by extension 'colcon_pkg'
[0.202s] Level 1:colcon.colcon_core.package_identification:_identify(src/my_robot_pkg) by extensions ['colcon_meta']
[0.202s] Level 1:colcon.colcon_core.package_identification:_identify(src/my_robot_pkg) by extension 'colcon_meta'
[0.202s] Level 1:colcon.colcon_core.package_identification:_identify(src/my_robot_pkg) by extensions ['ros']
[0.202s] Level 1:colcon.colcon_core.package_identification:_identify(src/my_robot_pkg) by extension 'ros'
[0.205s] DEBUG:colcon.colcon_core.package_identification:Package 'src/my_robot_pkg' with type 'ros.ament_cmake' and name 'my_robot_pkg'
[0.205s] Level 1:colcon.colcon_core.package_discovery:discover_packages(recursive) using defaults
[0.205s] Level 1:colcon.colcon_core.package_discovery:discover_packages(ignore) discover
[0.205s] Level 1:colcon.colcon_core.package_discovery:discover_packages(ignore) using defaults
[0.205s] Level 1:colcon.colcon_core.package_discovery:discover_packages(path) discover
[0.205s] Level 1:colcon.colcon_core.package_discovery:discover_packages(path) using defaults
[0.225s] Level 1:colcon.colcon_core.package_discovery:discover_packages(prefix_path) check parameters
[0.225s] Level 1:colcon.colcon_core.package_discovery:discover_packages(prefix_path) discover
[0.225s] WARNING:colcon.colcon_core.prefix_path.colcon:The path '/home/yugnsh_lappy/ros2_ws/install' in the environment variable COLCON_PREFIX_PATH doesn't exist
[0.232s] DEBUG:colcon.colcon_installed_package_information.package_discovery:Found 285 installed packages in /opt/ros/jazzy
[0.234s] Level 1:colcon.colcon_core.package_discovery:discover_packages(prefix_path) using defaults
[0.278s] Level 5:colcon.colcon_core.verb:set package 'my_robot_pkg' build argument 'cmake_args' from command line to 'None'
[0.278s] Level 5:colcon.colcon_core.verb:set package 'my_robot_pkg' build argument 'cmake_target' from command line to 'None'
[0.278s] Level 5:colcon.colcon_core.verb:set package 'my_robot_pkg' build argument 'cmake_target_skip_unavailable' from command line to 'False'
[0.278s] Level 5:colcon.colcon_core.verb:set package 'my_robot_pkg' build argument 'cmake_clean_cache' from command line to 'False'
[0.278s] Level 5:colcon.colcon_core.verb:set package 'my_robot_pkg' build argument 'cmake_clean_first' from command line to 'False'
[0.278s] Level 5:colcon.colcon_core.verb:set package 'my_robot_pkg' build argument 'cmake_force_configure' from command line to 'False'
[0.278s] Level 5:colcon.colcon_core.verb:set package 'my_robot_pkg' build argument 'ament_cmake_args' from command line to 'None'
[0.278s] Level 5:colcon.colcon_core.verb:set package 'my_robot_pkg' build argument 'catkin_cmake_args' from command line to 'None'
[0.278s] Level 5:colcon.colcon_core.verb:set package 'my_robot_pkg' build argument 'catkin_skip_building_tests' from command line to 'False'
[0.278s] DEBUG:colcon.colcon_core.verb:Building package 'my_robot_pkg' with the following arguments: {'ament_cmake_args': None, 'build_base': '/home/yugnsh_lappy/RoboticsClub_PS/ros2_ws/build/my_robot_pkg', 'catkin_cmake_args': None, 'catkin_skip_building_tests': False, 'cmake_args': None, 'cmake_clean_cache': False, 'cmake_clean_first': False, 'cmake_force_configure': False, 'cmake_target': None, 'cmake_target_skip_unavailable': False, 'install_base': '/home/yugnsh_lappy/RoboticsClub_PS/ros2_ws/install/my_robot_pkg', 'merge_install': False, 'path': '/home/yugnsh_lappy/RoboticsClub_PS/ros2_ws/src/my_robot_pkg', 'symlink_install': False, 'test_result_base': None}
[0.279s] INFO:colcon.colcon_core.executor:Executing jobs using 'parallel' executor
[0.281s] DEBUG:colcon.colcon_parallel_executor.executor.parallel:run_until_complete
[0.281s] INFO:colcon.colcon_ros.task.ament_cmake.build:Building ROS package in '/home/yugnsh_lappy/RoboticsClub_PS/ros2_ws/src/my_robot_pkg' with build type 'ament_cmake'
[0.282s] INFO:colcon.colcon_cmake.task.cmake.build:Building CMake package in '/home/yugnsh_lappy/RoboticsClub_PS/ros2_ws/src/my_robot_pkg'
[0.286s] INFO:colcon.colcon_core.plugin_system:Skipping extension 'colcon_core.shell.bat': Not used on non-Windows systems
[0.287s] INFO:colcon.colcon_core.shell:Skip shell extension 'powershell' for command environment: Not usable outside of PowerShell
[0.287s] DEBUG:colcon.colcon_core.shell:Skip shell extension 'dsv' for command environment
[0.311s] DEBUG:colcon.colcon_core.event_handler.log_command:Invoking command in '/home/yugnsh_lappy/RoboticsClub_PS/ros2_ws/build/my_robot_pkg': CMAKE_PREFIX_PATH=${CMAKE_PREFIX_PATH}:/opt/ros/jazzy DEBUGINFOD_URLS=https://debuginfod.ubuntu.com /usr/bin/cmake /home/yugnsh_lappy/RoboticsClub_PS/ros2_ws/src/my_robot_pkg -DCMAKE_INSTALL_PREFIX=/home/yugnsh_lappy/RoboticsClub_PS/ros2_ws/install/my_robot_pkg
[5.109s] DEBUG:colcon.colcon_core.event_handler.log_command:Invoked command in '/home/yugnsh_lappy/RoboticsClub_PS/ros2_ws/build/my_robot_pkg' returned '0': CMAKE_PREFIX_PATH=${CMAKE_PREFIX_PATH}:/opt/ros/jazzy DEBUGINFOD_URLS=https://debuginfod.ubuntu.com /usr/bin/cmake /home/yugnsh_lappy/RoboticsClub_PS/ros2_ws/src/my_robot_pkg -DCMAKE_INSTALL_PREFIX=/home/yugnsh_lappy/RoboticsClub_PS/ros2_ws/install/my_robot_pkg
[5.110s] DEBUG:colcon.colcon_core.event_handler.log_command:Invoking command in '/home/yugnsh_lappy/RoboticsClub_PS/ros2_ws/build/my_robot_pkg': CMAKE_PREFIX_PATH=${CMAKE_PREFIX_PATH}:/opt/ros/jazzy DEBUGINFOD_URLS=https://debuginfod.ubuntu.com /usr/bin/cmake --build /home/yugnsh_lappy/RoboticsClub_PS/ros2_ws/build/my_robot_pkg -- -j10 -l10
[26.219s] DEBUG:colcon.colcon_core.event_handler.log_command:Invoked command in '/home/yugnsh_lappy/RoboticsClub_PS/ros2_ws/build/my_robot_pkg' returned '0': CMAKE_PREFIX_PATH=${CMAKE_PREFIX_PATH}:/opt/ros/jazzy DEBUGINFOD_URLS=https://debuginfod.ubuntu.com /usr/bin/cmake --build /home/yugnsh_lappy/RoboticsClub_PS/ros2_ws/build/my_robot_pkg -- -j10 -l10
[26.250s] DEBUG:colcon.colcon_core.event_handler.log_command:Invoking command in '/home/yugnsh_lappy/RoboticsClub_PS/ros2_ws/build/my_robot_pkg': CMAKE_PREFIX_PATH=${CMAKE_PREFIX_PATH}:/opt/ros/jazzy DEBUGINFOD_URLS=https://debuginfod.ubuntu.com /usr/bin/cmake --install /home/yugnsh_lappy/RoboticsClub_PS/ros2_ws/build/my_robot_pkg
[26.272s] Level 1:colcon.colcon_core.environment:create_environment_scripts_only(my_robot_pkg)
[26.273s] DEBUG:colcon.colcon_core.event_handler.log_command:Invoked command in '/home/yugnsh_lappy/RoboticsClub_PS/ros2_ws/build/my_robot_pkg' returned '0': CMAKE_PREFIX_PATH=${CMAKE_PREFIX_PATH}:/opt/ros/jazzy DEBUGINFOD_URLS=https://debuginfod.ubuntu.com /usr/bin/cmake --install /home/yugnsh_lappy/RoboticsClub_PS/ros2_ws/build/my_robot_pkg
[26.275s] Level 1:colcon.colcon_core.environment:checking '/home/yugnsh_lappy/RoboticsClub_PS/ros2_ws/install/my_robot_pkg' for CMake module files
[26.275s] Level 1:colcon.colcon_core.environment:checking '/home/yugnsh_lappy/RoboticsClub_PS/ros2_ws/install/my_robot_pkg' for CMake config files
[26.276s] Level 1:colcon.colcon_core.shell:create_environment_hook('my_robot_pkg', 'cmake_prefix_path')
[26.278s] INFO:colcon.colcon_core.shell:Creating environment hook '/home/yugnsh_lappy/RoboticsClub_PS/ros2_ws/install/my_robot_pkg/share/my_robot_pkg/hook/cmake_prefix_path.ps1'
[26.279s] INFO:colcon.colcon_core.shell:Creating environment descriptor '/home/yugnsh_lappy/RoboticsClub_PS/ros2_ws/install/my_robot_pkg/share/my_robot_pkg/hook/cmake_prefix_path.dsv'
[26.281s] INFO:colcon.colcon_core.shell:Creating environment hook '/home/yugnsh_lappy/RoboticsClub_PS/ros2_ws/install/my_robot_pkg/share/my_robot_pkg/hook/cmake_prefix_path.sh'
[26.284s] Level 1:colcon.colcon_core.environment:checking '/home/yugnsh_lappy/RoboticsClub_PS/ros2_ws/install/my_robot_pkg/lib'
[26.284s] Level 1:colcon.colcon_core.environment:checking '/home/yugnsh_lappy/RoboticsClub_PS/ros2_ws/install/my_robot_pkg/bin'
[26.284s] Level 1:colcon.colcon_core.environment:checking '/home/yugnsh_lappy/RoboticsClub_PS/ros2_ws/install/my_robot_pkg/lib/pkgconfig/my_robot_pkg.pc'
[26.285s] Level 1:colcon.colcon_core.environment:checking '/home/yugnsh_lappy/RoboticsClub_PS/ros2_ws/install/my_robot_pkg/lib/python3.12/site-packages'
[26.286s] Level 1:colcon.colcon_core.environment:checking '/home/yugnsh_lappy/RoboticsClub_PS/ros2_ws/install/my_robot_pkg/bin'
[26.287s] INFO:colcon.colcon_core.shell:Creating package script '/home/yugnsh_lappy/RoboticsClub_PS/ros2_ws/install/my_robot_pkg/share/my_robot_pkg/package.ps1'
[26.288s] INFO:colcon.colcon_core.shell:Creating package descriptor '/home/yugnsh_lappy/RoboticsClub_PS/ros2_ws/install/my_robot_pkg/share/my_robot_pkg/package.dsv'
[26.289s] INFO:colcon.colcon_core.shell:Creating package script '/home/yugnsh_lappy/RoboticsClub_PS/ros2_ws/install/my_robot_pkg/share/my_robot_pkg/package.sh'
[26.290s] INFO:colcon.colcon_core.shell:Creating package script '/home/yugnsh_lappy/RoboticsClub_PS/ros2_ws/install/my_robot_pkg/share/my_robot_pkg/package.bash'
[26.292s] INFO:colcon.colcon_core.shell:Creating package script '/home/yugnsh_lappy/RoboticsClub_PS/ros2_ws/install/my_robot_pkg/share/my_robot_pkg/package.zsh'
[26.292s] Level 1:colcon.colcon_core.environment:create_file_with_runtime_dependencies(/home/yugnsh_lappy/RoboticsClub_PS/ros2_ws/install/my_robot_pkg/share/colcon-core/packages/my_robot_pkg)
[26.293s] Level 1:colcon.colcon_core.environment:create_environment_scripts_only(my_robot_pkg)
[26.293s] Level 1:colcon.colcon_core.environment:checking '/home/yugnsh_lappy/RoboticsClub_PS/ros2_ws/install/my_robot_pkg' for CMake module files
[26.294s] Level 1:colcon.colcon_core.environment:checking '/home/yugnsh_lappy/RoboticsClub_PS/ros2_ws/install/my_robot_pkg' for CMake config files
[26.294s] Level 1:colcon.colcon_core.shell:create_environment_hook('my_robot_pkg', 'cmake_prefix_path')
[26.295s] INFO:colcon.colcon_core.shell:Creating environment hook '/home/yugnsh_lappy/RoboticsClub_PS/ros2_ws/install/my_robot_pkg/share/my_robot_pkg/hook/cmake_prefix_path.ps1'
[26.296s] INFO:colcon.colcon_core.shell:Creating environment descriptor '/home/yugnsh_lappy/RoboticsClub_PS/ros2_ws/install/my_robot_pkg/share/my_robot_pkg/hook/cmake_prefix_path.dsv'
[26.296s] INFO:colcon.colcon_core.shell:Creating environment hook '/home/yugnsh_lappy/RoboticsClub_PS/ros2_ws/install/my_robot_pkg/share/my_robot_pkg/hook/cmake_prefix_path.sh'
[26.298s] Level 1:colcon.colcon_core.environment:checking '/home/yugnsh_lappy/RoboticsClub_PS/ros2_ws/install/my_robot_pkg/lib'
[26.298s] Level 1:colcon.colcon_core.environment:checking '/home/yugnsh_lappy/RoboticsClub_PS/ros2_ws/install/my_robot_pkg/bin'
[26.299s] Level 1:colcon.colcon_core.environment:checking '/home/yugnsh_lappy/RoboticsClub_PS/ros2_ws/install/my_robot_pkg/lib/pkgconfig/my_robot_pkg.pc'
[26.299s] Level 1:colcon.colcon_core.environment:checking '/home/yugnsh_lappy/RoboticsClub_PS/ros2_ws/install/my_robot_pkg/lib/python3.12/site-packages'
[26.299s] Level 1:colcon.colcon_core.environment:checking '/home/yugnsh_lappy/RoboticsClub_PS/ros2_ws/install/my_robot_pkg/bin'
[26.299s] INFO:colcon.colcon_core.shell:Creating package script '/home/yugnsh_lappy/RoboticsClub_PS/ros2_ws/install/my_robot_pkg/share/my_robot_pkg/package.ps1'
[26.300s] INFO:colcon.colcon_core.shell:Creating package descriptor '/home/yugnsh_lappy/RoboticsClub_PS/ros2_ws/install/my_robot_pkg/share/my_robot_pkg/package.dsv'
[26.301s] INFO:colcon.colcon_core.shell:Creating package script '/home/yugnsh_lappy/RoboticsClub_PS/ros2_ws/install/my_robot_pkg/share/my_robot_pkg/package.sh'
[26.302s] INFO:colcon.colcon_core.shell:Creating package script '/home/yugnsh_lappy/RoboticsClub_PS/ros2_ws/install/my_robot_pkg/share/my_robot_pkg/package.bash'
[26.303s] INFO:colcon.colcon_core.shell:Creating package script '/home/yugnsh_lappy/RoboticsClub_PS/ros2_ws/install/my_robot_pkg/share/my_robot_pkg/package.zsh'
[26.304s] Level 1:colcon.colcon_core.environment:create_file_with_runtime_dependencies(/home/yugnsh_lappy/RoboticsClub_PS/ros2_ws/install/my_robot_pkg/share/colcon-core/packages/my_robot_pkg)
[26.304s] DEBUG:colcon.colcon_parallel_executor.executor.parallel:closing loop
[26.305s] DEBUG:colcon.colcon_parallel_executor.executor.parallel:loop closed
[26.305s] DEBUG:colcon.colcon_parallel_executor.executor.parallel:run_until_complete finished with '0'
[26.306s] DEBUG:colcon.colcon_core.event_reactor:joining thread
[26.315s] INFO:colcon.colcon_core.plugin_system:Skipping extension 'colcon_notification.desktop_notification.terminal_notifier': Not used on non-Darwin systems
[26.315s] INFO:colcon.colcon_core.plugin_system:Skipping extension 'colcon_notification.desktop_notification.win32': Not used on non-Windows systems
[26.315s] INFO:colcon.colcon_notification.desktop_notification:Sending desktop notification using 'notify2'
[26.356s] DEBUG:colcon.colcon_core.event_reactor:joined thread
[26.356s] INFO:colcon.colcon_core.shell:Creating prefix script '/home/yugnsh_lappy/RoboticsClub_PS/ros2_ws/install/local_setup.ps1'
[26.357s] INFO:colcon.colcon_core.shell:Creating prefix util module '/home/yugnsh_lappy/RoboticsClub_PS/ros2_ws/install/_local_setup_util_ps1.py'
[26.358s] INFO:colcon.colcon_core.shell:Creating prefix chain script '/home/yugnsh_lappy/RoboticsClub_PS/ros2_ws/install/setup.ps1'
[26.359s] INFO:colcon.colcon_core.shell:Creating prefix script '/home/yugnsh_lappy/RoboticsClub_PS/ros2_ws/install/local_setup.sh'
[26.360s] INFO:colcon.colcon_core.shell:Creating prefix util module '/home/yugnsh_lappy/RoboticsClub_PS/ros2_ws/install/_local_setup_util_sh.py'
[26.361s] INFO:colcon.colcon_core.shell:Creating prefix chain script '/home/yugnsh_lappy/RoboticsClub_PS/ros2_ws/install/setup.sh'
[26.362s] INFO:colcon.colcon_core.shell:Creating prefix script '/home/yugnsh_lappy/RoboticsClub_PS/ros2_ws/install/local_setup.bash'
[26.363s] INFO:colcon.colcon_core.shell:Creating prefix chain script '/home/yugnsh_lappy/RoboticsClub_PS/ros2_ws/install/setup.bash'
[26.364s] INFO:colcon.colcon_core.shell:Creating prefix script '/home/yugnsh_lappy/RoboticsClub_PS/ros2_ws/install/local_setup.zsh'
[26.364s] INFO:colcon.colcon_core.shell:Creating prefix chain script '/home/yugnsh_lappy/RoboticsClub_PS/ros2_ws/install/setup.zsh'
